<?xml version="1.0" encoding="UTF-8"?><testsuite errors="0" failures="0" name="com.studentapp.studentinfo.StudentCRUDTest" skipped="0" tests="4" time="3.17" timestamp="2023-03-01T09:05:58.649Z[Europe/London]"><testcase classname="com.studentapp.studentinfo.StudentCRUDTest" name="This will create a new student"/><testcase classname="com.studentapp.studentinfo.StudentCRUDTest" name="Verify if student was created"/><testcase classname="com.studentapp.studentinfo.StudentCRUDTest" name="Update the user and verify the updated information"/><testcase classname="com.studentapp.studentinfo.StudentCRUDTest" name="Delete the student and verify if the student is deleted"/></testsuite>