<?xml version="1.0" encoding="UTF-8"?><testsuite errors="0" failures="0" name="com.studentapp.studentinfo.StudentCURDTestWithSteps" skipped="0" tests="4" time="3.3" timestamp="2023-02-28T23:28:22.721Z[Europe/London]"><testcase classname="com.studentapp.studentinfo.StudentCURDTestWithSteps" name="This will create a new student"/><testcase classname="com.studentapp.studentinfo.StudentCURDTestWithSteps" name="verify if student is created"/><testcase classname="com.studentapp.studentinfo.StudentCURDTestWithSteps" name="update the user information"/><testcase classname="com.studentapp.studentinfo.StudentCURDTestWithSteps" name="Delete student info by StudentID and verify its deleted"/></testsuite>